CRITICAL - 2023-03-08 13:58:40 --> Invalid file: "include\header.php"
in SYSTEMPATH\Exceptions\FrameworkException.php on line 33.
 1 SYSTEMPATH\View\View.php(201): CodeIgniter\Exceptions\FrameworkException::forInvalidFile('include\\header.php')
 2 SYSTEMPATH\Common.php(1184): CodeIgniter\View\View->render('include\\header', [], true)
 3 APPPATH\Controllers\Blog.php(17): view('include\\header')
 4 SYSTEMPATH\CodeIgniter.php(934): App\Controllers\Blog->post()
 5 SYSTEMPATH\CodeIgniter.php(499): CodeIgniter\CodeIgniter->runController(Object(App\Controllers\Blog))
 6 SYSTEMPATH\CodeIgniter.php(368): CodeIgniter\CodeIgniter->handleRequest(null, Object(Config\Cache), false)
 7 FCPATH\index.php(67): CodeIgniter\CodeIgniter->run()
CRITICAL - 2023-03-08 13:59:00 --> Invalid file: "include\header.php"
in SYSTEMPATH\Exceptions\FrameworkException.php on line 33.
 1 SYSTEMPATH\View\View.php(201): CodeIgniter\Exceptions\FrameworkException::forInvalidFile('include\\header.php')
 2 SYSTEMPATH\Common.php(1184): CodeIgniter\View\View->render('include\\header', [], true)
 3 APPPATH\Controllers\Blog.php(17): view('include\\header', [...])
 4 SYSTEMPATH\CodeIgniter.php(934): App\Controllers\Blog->post()
 5 SYSTEMPATH\CodeIgniter.php(499): CodeIgniter\CodeIgniter->runController(Object(App\Controllers\Blog))
 6 SYSTEMPATH\CodeIgniter.php(368): CodeIgniter\CodeIgniter->handleRequest(null, Object(Config\Cache), false)
 7 FCPATH\index.php(67): CodeIgniter\CodeIgniter->run()
CRITICAL - 2023-03-08 13:59:15 --> Invalid file: "include\header.php"
in SYSTEMPATH\Exceptions\FrameworkException.php on line 33.
 1 SYSTEMPATH\View\View.php(201): CodeIgniter\Exceptions\FrameworkException::forInvalidFile('include\\header.php')
 2 SYSTEMPATH\Common.php(1184): CodeIgniter\View\View->render('include\\header', [], true)
 3 APPPATH\Controllers\Blog.php(17): view('include\\header', [...])
 4 SYSTEMPATH\CodeIgniter.php(934): App\Controllers\Blog->post()
 5 SYSTEMPATH\CodeIgniter.php(499): CodeIgniter\CodeIgniter->runController(Object(App\Controllers\Blog))
 6 SYSTEMPATH\CodeIgniter.php(368): CodeIgniter\CodeIgniter->handleRequest(null, Object(Config\Cache), false)
 7 FCPATH\index.php(67): CodeIgniter\CodeIgniter->run()
CRITICAL - 2023-03-08 13:59:18 --> Invalid file: "include\header.php"
in SYSTEMPATH\Exceptions\FrameworkException.php on line 33.
 1 SYSTEMPATH\View\View.php(201): CodeIgniter\Exceptions\FrameworkException::forInvalidFile('include\\header.php')
 2 SYSTEMPATH\Common.php(1184): CodeIgniter\View\View->render('include\\header', [], true)
 3 APPPATH\Controllers\Blog.php(10): view('include\\header', [...])
 4 SYSTEMPATH\CodeIgniter.php(934): App\Controllers\Blog->index()
 5 SYSTEMPATH\CodeIgniter.php(499): CodeIgniter\CodeIgniter->runController(Object(App\Controllers\Blog))
 6 SYSTEMPATH\CodeIgniter.php(368): CodeIgniter\CodeIgniter->handleRequest(null, Object(Config\Cache), false)
 7 FCPATH\index.php(67): CodeIgniter\CodeIgniter->run()
CRITICAL - 2023-03-08 14:03:22 --> Invalid file: "include\header.php"
in SYSTEMPATH\Exceptions\FrameworkException.php on line 33.
 1 SYSTEMPATH\View\View.php(201): CodeIgniter\Exceptions\FrameworkException::forInvalidFile('include\\header.php')
 2 SYSTEMPATH\Common.php(1184): CodeIgniter\View\View->render('include\\header', [], true)
 3 APPPATH\Controllers\Blog.php(10): view('include\\header')
 4 SYSTEMPATH\CodeIgniter.php(934): App\Controllers\Blog->index()
 5 SYSTEMPATH\CodeIgniter.php(499): CodeIgniter\CodeIgniter->runController(Object(App\Controllers\Blog))
 6 SYSTEMPATH\CodeIgniter.php(368): CodeIgniter\CodeIgniter->handleRequest(null, Object(Config\Cache), false)
 7 FCPATH\index.php(67): CodeIgniter\CodeIgniter->run()
CRITICAL - 2023-03-08 14:05:04 --> Undefined variable $page_title
in APPPATH\Views\include\header.php on line 7.
 1 APPPATH\Views\include\header.php(7): CodeIgniter\Debug\Exceptions->errorHandler(2, 'Undefined variable $page_title', 'APPPATH\\Views\\include\\header.php', 7)
 2 SYSTEMPATH\View\View.php(213): include('APPPATH\\Views\\include\\header.php')
 3 SYSTEMPATH\View\View.php(216): CodeIgniter\View\View->CodeIgniter\View\{closure}()
 4 SYSTEMPATH\Common.php(1184): CodeIgniter\View\View->render('include\\header', [], true)
 5 APPPATH\Controllers\Blog.php(17): view('include\\header', [...])
 6 SYSTEMPATH\CodeIgniter.php(934): App\Controllers\Blog->post()
 7 SYSTEMPATH\CodeIgniter.php(499): CodeIgniter\CodeIgniter->runController(Object(App\Controllers\Blog))
 8 SYSTEMPATH\CodeIgniter.php(368): CodeIgniter\CodeIgniter->handleRequest(null, Object(Config\Cache), false)
 9 FCPATH\index.php(67): CodeIgniter\CodeIgniter->run()
CRITICAL - 2023-03-08 14:05:42 --> Undefined variable $page_title
in APPPATH\Views\include\header.php on line 7.
 1 APPPATH\Views\include\header.php(7): CodeIgniter\Debug\Exceptions->errorHandler(2, 'Undefined variable $page_title', 'APPPATH\\Views\\include\\header.php', 7)
 2 SYSTEMPATH\View\View.php(213): include('APPPATH\\Views\\include\\header.php')
 3 SYSTEMPATH\View\View.php(216): CodeIgniter\View\View->CodeIgniter\View\{closure}()
 4 SYSTEMPATH\Common.php(1184): CodeIgniter\View\View->render('include\\header', [], true)
 5 APPPATH\Controllers\Blog.php(17): view('include\\header', [...])
 6 SYSTEMPATH\CodeIgniter.php(934): App\Controllers\Blog->post()
 7 SYSTEMPATH\CodeIgniter.php(499): CodeIgniter\CodeIgniter->runController(Object(App\Controllers\Blog))
 8 SYSTEMPATH\CodeIgniter.php(368): CodeIgniter\CodeIgniter->handleRequest(null, Object(Config\Cache), false)
 9 FCPATH\index.php(67): CodeIgniter\CodeIgniter->run()
CRITICAL - 2023-03-08 14:11:52 --> Undefined variable $page_title
in APPPATH\Views\include\header.php on line 7.
 1 APPPATH\Views\include\header.php(7): CodeIgniter\Debug\Exceptions->errorHandler(2, 'Undefined variable $page_title', 'APPPATH\\Views\\include\\header.php', 7)
 2 SYSTEMPATH\View\View.php(213): include('APPPATH\\Views\\include\\header.php')
 3 SYSTEMPATH\View\View.php(216): CodeIgniter\View\View->CodeIgniter\View\{closure}()
 4 SYSTEMPATH\Common.php(1184): CodeIgniter\View\View->render('include\\header', [], true)
 5 APPPATH\Controllers\Blog.php(17): view('include\\header', [...])
 6 SYSTEMPATH\CodeIgniter.php(934): App\Controllers\Blog->post()
 7 SYSTEMPATH\CodeIgniter.php(499): CodeIgniter\CodeIgniter->runController(Object(App\Controllers\Blog))
 8 SYSTEMPATH\CodeIgniter.php(368): CodeIgniter\CodeIgniter->handleRequest(null, Object(Config\Cache), false)
 9 FCPATH\index.php(67): CodeIgniter\CodeIgniter->run()
CRITICAL - 2023-03-08 14:25:11 --> Undefined variable $page_title
in APPPATH\Views\include\header.php on line 7.
 1 APPPATH\Views\include\header.php(7): CodeIgniter\Debug\Exceptions->errorHandler(2, 'Undefined variable $page_title', 'APPPATH\\Views\\include\\header.php', 7)
 2 SYSTEMPATH\View\View.php(213): include('APPPATH\\Views\\include\\header.php')
 3 SYSTEMPATH\View\View.php(216): CodeIgniter\View\View->CodeIgniter\View\{closure}()
 4 SYSTEMPATH\Common.php(1184): CodeIgniter\View\View->render('include\\header', [], true)
 5 APPPATH\Controllers\Blog.php(17): view('include\\header', [...])
 6 SYSTEMPATH\CodeIgniter.php(934): App\Controllers\Blog->post()
 7 SYSTEMPATH\CodeIgniter.php(499): CodeIgniter\CodeIgniter->runController(Object(App\Controllers\Blog))
 8 SYSTEMPATH\CodeIgniter.php(368): CodeIgniter\CodeIgniter->handleRequest(null, Object(Config\Cache), false)
 9 FCPATH\index.php(67): CodeIgniter\CodeIgniter->run()
CRITICAL - 2023-03-08 14:25:11 --> Undefined variable $page_title
in APPPATH\Views\include\header.php on line 7.
 1 APPPATH\Views\include\header.php(7): CodeIgniter\Debug\Exceptions->errorHandler(2, 'Undefined variable $page_title', 'APPPATH\\Views\\include\\header.php', 7)
 2 SYSTEMPATH\View\View.php(213): include('APPPATH\\Views\\include\\header.php')
 3 SYSTEMPATH\View\View.php(216): CodeIgniter\View\View->CodeIgniter\View\{closure}()
 4 SYSTEMPATH\Common.php(1184): CodeIgniter\View\View->render('include\\header', [], true)
 5 APPPATH\Controllers\Blog.php(17): view('include\\header', [...])
 6 SYSTEMPATH\CodeIgniter.php(934): App\Controllers\Blog->post()
 7 SYSTEMPATH\CodeIgniter.php(499): CodeIgniter\CodeIgniter->runController(Object(App\Controllers\Blog))
 8 SYSTEMPATH\CodeIgniter.php(368): CodeIgniter\CodeIgniter->handleRequest(null, Object(Config\Cache), false)
 9 FCPATH\index.php(67): CodeIgniter\CodeIgniter->run()
CRITICAL - 2023-03-08 14:25:12 --> Undefined variable $page_title
in APPPATH\Views\include\header.php on line 7.
 1 APPPATH\Views\include\header.php(7): CodeIgniter\Debug\Exceptions->errorHandler(2, 'Undefined variable $page_title', 'APPPATH\\Views\\include\\header.php', 7)
 2 SYSTEMPATH\View\View.php(213): include('APPPATH\\Views\\include\\header.php')
 3 SYSTEMPATH\View\View.php(216): CodeIgniter\View\View->CodeIgniter\View\{closure}()
 4 SYSTEMPATH\Common.php(1184): CodeIgniter\View\View->render('include\\header', [], true)
 5 APPPATH\Controllers\Blog.php(17): view('include\\header', [...])
 6 SYSTEMPATH\CodeIgniter.php(934): App\Controllers\Blog->post()
 7 SYSTEMPATH\CodeIgniter.php(499): CodeIgniter\CodeIgniter->runController(Object(App\Controllers\Blog))
 8 SYSTEMPATH\CodeIgniter.php(368): CodeIgniter\CodeIgniter->handleRequest(null, Object(Config\Cache), false)
 9 FCPATH\index.php(67): CodeIgniter\CodeIgniter->run()
CRITICAL - 2023-03-08 14:39:59 --> Undefined variable $titles
in APPPATH\Views\single_post.php on line 1.
 1 APPPATH\Views\single_post.php(1): CodeIgniter\Debug\Exceptions->errorHandler(2, 'Undefined variable $titles', 'APPPATH\\Views\\single_post.php', 1)
 2 SYSTEMPATH\View\View.php(213): include('APPPATH\\Views\\single_post.php')
 3 SYSTEMPATH\View\View.php(216): CodeIgniter\View\View->CodeIgniter\View\{closure}()
 4 SYSTEMPATH\Common.php(1184): CodeIgniter\View\View->render('single_post', [], true)
 5 APPPATH\Controllers\Blog.php(19): view('single_post')
 6 SYSTEMPATH\CodeIgniter.php(934): App\Controllers\Blog->post()
 7 SYSTEMPATH\CodeIgniter.php(499): CodeIgniter\CodeIgniter->runController(Object(App\Controllers\Blog))
 8 SYSTEMPATH\CodeIgniter.php(368): CodeIgniter\CodeIgniter->handleRequest(null, Object(Config\Cache), false)
 9 FCPATH\index.php(67): CodeIgniter\CodeIgniter->run()
CRITICAL - 2023-03-08 16:46:15 --> Object of class CodeIgniter\Database\MySQLi\Connection could not be converted to string
in APPPATH\Controllers\Blog.php on line 10.
 1 SYSTEMPATH\CodeIgniter.php(934): App\Controllers\Blog->index()
 2 SYSTEMPATH\CodeIgniter.php(499): CodeIgniter\CodeIgniter->runController(Object(App\Controllers\Blog))
 3 SYSTEMPATH\CodeIgniter.php(368): CodeIgniter\CodeIgniter->handleRequest(null, Object(Config\Cache), false)
 4 FCPATH\index.php(67): CodeIgniter\CodeIgniter->run()
CRITICAL - 2023-03-08 16:46:26 --> Object of class CodeIgniter\Database\MySQLi\Connection could not be converted to string
in APPPATH\Controllers\Blog.php on line 10.
 1 SYSTEMPATH\CodeIgniter.php(934): App\Controllers\Blog->index()
 2 SYSTEMPATH\CodeIgniter.php(499): CodeIgniter\CodeIgniter->runController(Object(App\Controllers\Blog))
 3 SYSTEMPATH\CodeIgniter.php(368): CodeIgniter\CodeIgniter->handleRequest(null, Object(Config\Cache), false)
 4 FCPATH\index.php(67): CodeIgniter\CodeIgniter->run()
CRITICAL - 2023-03-08 17:13:38 --> Undefined variable $taukos
in APPPATH\Views\blog.php on line 4.
 1 APPPATH\Views\blog.php(4): CodeIgniter\Debug\Exceptions->errorHandler(2, 'Undefined variable $taukos', 'APPPATH\\Views\\blog.php', 4)
 2 SYSTEMPATH\View\View.php(213): include('APPPATH\\Views\\blog.php')
 3 SYSTEMPATH\View\View.php(216): CodeIgniter\View\View->CodeIgniter\View\{closure}()
 4 SYSTEMPATH\Common.php(1184): CodeIgniter\View\View->render('blog', [], true)
 5 APPPATH\Controllers\Blog.php(11): view('blog')
 6 SYSTEMPATH\CodeIgniter.php(934): App\Controllers\Blog->index()
 7 SYSTEMPATH\CodeIgniter.php(499): CodeIgniter\CodeIgniter->runController(Object(App\Controllers\Blog))
 8 SYSTEMPATH\CodeIgniter.php(368): CodeIgniter\CodeIgniter->handleRequest(null, Object(Config\Cache), false)
 9 FCPATH\index.php(67): CodeIgniter\CodeIgniter->run()
CRITICAL - 2023-03-08 17:14:53 --> Undefined variable $taukos
in APPPATH\Views\blog.php on line 4.
 1 APPPATH\Views\blog.php(4): CodeIgniter\Debug\Exceptions->errorHandler(2, 'Undefined variable $taukos', 'APPPATH\\Views\\blog.php', 4)
 2 SYSTEMPATH\View\View.php(213): include('APPPATH\\Views\\blog.php')
 3 SYSTEMPATH\View\View.php(216): CodeIgniter\View\View->CodeIgniter\View\{closure}()
 4 SYSTEMPATH\Common.php(1184): CodeIgniter\View\View->render('blog', [], true)
 5 APPPATH\Controllers\Blog.php(11): view('blog')
 6 SYSTEMPATH\CodeIgniter.php(934): App\Controllers\Blog->index()
 7 SYSTEMPATH\CodeIgniter.php(499): CodeIgniter\CodeIgniter->runController(Object(App\Controllers\Blog))
 8 SYSTEMPATH\CodeIgniter.php(368): CodeIgniter\CodeIgniter->handleRequest(null, Object(Config\Cache), false)
 9 FCPATH\index.php(67): CodeIgniter\CodeIgniter->run()
CRITICAL - 2023-03-08 17:14:54 --> Undefined variable $taukos
in APPPATH\Views\blog.php on line 4.
 1 APPPATH\Views\blog.php(4): CodeIgniter\Debug\Exceptions->errorHandler(2, 'Undefined variable $taukos', 'APPPATH\\Views\\blog.php', 4)
 2 SYSTEMPATH\View\View.php(213): include('APPPATH\\Views\\blog.php')
 3 SYSTEMPATH\View\View.php(216): CodeIgniter\View\View->CodeIgniter\View\{closure}()
 4 SYSTEMPATH\Common.php(1184): CodeIgniter\View\View->render('blog', [], true)
 5 APPPATH\Controllers\Blog.php(11): view('blog')
 6 SYSTEMPATH\CodeIgniter.php(934): App\Controllers\Blog->index()
 7 SYSTEMPATH\CodeIgniter.php(499): CodeIgniter\CodeIgniter->runController(Object(App\Controllers\Blog))
 8 SYSTEMPATH\CodeIgniter.php(368): CodeIgniter\CodeIgniter->handleRequest(null, Object(Config\Cache), false)
 9 FCPATH\index.php(67): CodeIgniter\CodeIgniter->run()
CRITICAL - 2023-03-08 17:15:07 --> Undefined variable $taukos
in APPPATH\Views\blog.php on line 4.
 1 APPPATH\Views\blog.php(4): CodeIgniter\Debug\Exceptions->errorHandler(2, 'Undefined variable $taukos', 'APPPATH\\Views\\blog.php', 4)
 2 SYSTEMPATH\View\View.php(213): include('APPPATH\\Views\\blog.php')
 3 SYSTEMPATH\View\View.php(216): CodeIgniter\View\View->CodeIgniter\View\{closure}()
 4 SYSTEMPATH\Common.php(1184): CodeIgniter\View\View->render('blog', [], true)
 5 APPPATH\Controllers\Blog.php(11): view('blog')
 6 SYSTEMPATH\CodeIgniter.php(934): App\Controllers\Blog->index()
 7 SYSTEMPATH\CodeIgniter.php(499): CodeIgniter\CodeIgniter->runController(Object(App\Controllers\Blog))
 8 SYSTEMPATH\CodeIgniter.php(368): CodeIgniter\CodeIgniter->handleRequest(null, Object(Config\Cache), false)
 9 FCPATH\index.php(67): CodeIgniter\CodeIgniter->run()
CRITICAL - 2023-03-08 17:15:12 --> Undefined variable $taukos
in APPPATH\Views\blog.php on line 4.
 1 APPPATH\Views\blog.php(4): CodeIgniter\Debug\Exceptions->errorHandler(2, 'Undefined variable $taukos', 'APPPATH\\Views\\blog.php', 4)
 2 SYSTEMPATH\View\View.php(213): include('APPPATH\\Views\\blog.php')
 3 SYSTEMPATH\View\View.php(216): CodeIgniter\View\View->CodeIgniter\View\{closure}()
 4 SYSTEMPATH\Common.php(1184): CodeIgniter\View\View->render('blog', [], true)
 5 APPPATH\Controllers\Blog.php(11): view('blog')
 6 SYSTEMPATH\CodeIgniter.php(934): App\Controllers\Blog->index()
 7 SYSTEMPATH\CodeIgniter.php(499): CodeIgniter\CodeIgniter->runController(Object(App\Controllers\Blog))
 8 SYSTEMPATH\CodeIgniter.php(368): CodeIgniter\CodeIgniter->handleRequest(null, Object(Config\Cache), false)
 9 FCPATH\index.php(67): CodeIgniter\CodeIgniter->run()
CRITICAL - 2023-03-08 17:15:36 --> Unable to locate view cell class: "".
in SYSTEMPATH\View\Cell.php on line 181.
 1 SYSTEMPATH\View\Cell.php(181): CodeIgniter\View\Exceptions\ViewException::forInvalidCellClass(null)
 2 SYSTEMPATH\View\Cell.php(73): CodeIgniter\View\Cell->determineClass('\\App\\Libraries\\Blog:postItem')
 3 SYSTEMPATH\Common.php(1200): CodeIgniter\View\Cell->render('\\App\\Libraries\\Blog::postItem', [...], 0, null)
 4 APPPATH\Views\blog.php(5): view_cell('\\App\\Libraries\\Blog::postItem', [...])
 5 SYSTEMPATH\View\View.php(213): include('APPPATH\\Views\\blog.php')
 6 SYSTEMPATH\View\View.php(216): CodeIgniter\View\View->CodeIgniter\View\{closure}()
 7 SYSTEMPATH\Common.php(1184): CodeIgniter\View\View->render('blog', [], true)
 8 APPPATH\Controllers\Blog.php(13): view('blog')
 9 SYSTEMPATH\CodeIgniter.php(934): App\Controllers\Blog->index()
10 SYSTEMPATH\CodeIgniter.php(499): CodeIgniter\CodeIgniter->runController(Object(App\Controllers\Blog))
11 SYSTEMPATH\CodeIgniter.php(368): CodeIgniter\CodeIgniter->handleRequest(null, Object(Config\Cache), false)
12 FCPATH\index.php(67): CodeIgniter\CodeIgniter->run()
CRITICAL - 2023-03-08 17:18:00 --> Unable to locate view cell class: "".
in SYSTEMPATH\View\Cell.php on line 181.
 1 SYSTEMPATH\View\Cell.php(181): CodeIgniter\View\Exceptions\ViewException::forInvalidCellClass(null)
 2 SYSTEMPATH\View\Cell.php(73): CodeIgniter\View\Cell->determineClass('\\App\\Libraries\\Blog:postItem')
 3 SYSTEMPATH\Common.php(1200): CodeIgniter\View\Cell->render('\\App\\Libraries\\Blog::postItem', [...], 0, null)
 4 APPPATH\Views\blog.php(5): view_cell('\\App\\Libraries\\Blog::postItem', [...])
 5 SYSTEMPATH\View\View.php(213): include('APPPATH\\Views\\blog.php')
 6 SYSTEMPATH\View\View.php(216): CodeIgniter\View\View->CodeIgniter\View\{closure}()
 7 SYSTEMPATH\Common.php(1184): CodeIgniter\View\View->render('blog', [], true)
 8 APPPATH\Controllers\Blog.php(13): view('blog')
 9 SYSTEMPATH\CodeIgniter.php(934): App\Controllers\Blog->index()
10 SYSTEMPATH\CodeIgniter.php(499): CodeIgniter\CodeIgniter->runController(Object(App\Controllers\Blog))
11 SYSTEMPATH\CodeIgniter.php(368): CodeIgniter\CodeIgniter->handleRequest(null, Object(Config\Cache), false)
12 FCPATH\index.php(67): CodeIgniter\CodeIgniter->run()
CRITICAL - 2023-03-08 17:20:00 --> Unable to locate view cell class: "".
in SYSTEMPATH\View\Cell.php on line 181.
 1 SYSTEMPATH\View\Cell.php(181): CodeIgniter\View\Exceptions\ViewException::forInvalidCellClass(null)
 2 SYSTEMPATH\View\Cell.php(73): CodeIgniter\View\Cell->determineClass('\\App\\Libraries\\Blog:postItem')
 3 SYSTEMPATH\Common.php(1200): CodeIgniter\View\Cell->render('\\App\\Libraries\\Blog::postItem', [...], 0, null)
 4 APPPATH\Views\blog.php(5): view_cell('\\App\\Libraries\\Blog::postItem', [...])
 5 SYSTEMPATH\View\View.php(213): include('APPPATH\\Views\\blog.php')
 6 SYSTEMPATH\View\View.php(216): CodeIgniter\View\View->CodeIgniter\View\{closure}()
 7 SYSTEMPATH\Common.php(1184): CodeIgniter\View\View->render('blog', [], true)
 8 APPPATH\Controllers\Blog.php(13): view('blog')
 9 SYSTEMPATH\CodeIgniter.php(934): App\Controllers\Blog->index()
10 SYSTEMPATH\CodeIgniter.php(499): CodeIgniter\CodeIgniter->runController(Object(App\Controllers\Blog))
11 SYSTEMPATH\CodeIgniter.php(368): CodeIgniter\CodeIgniter->handleRequest(null, Object(Config\Cache), false)
12 FCPATH\index.php(67): CodeIgniter\CodeIgniter->run()
CRITICAL - 2023-03-08 17:20:01 --> Unable to locate view cell class: "".
in SYSTEMPATH\View\Cell.php on line 181.
 1 SYSTEMPATH\View\Cell.php(181): CodeIgniter\View\Exceptions\ViewException::forInvalidCellClass(null)
 2 SYSTEMPATH\View\Cell.php(73): CodeIgniter\View\Cell->determineClass('\\App\\Libraries\\Blog:postItem')
 3 SYSTEMPATH\Common.php(1200): CodeIgniter\View\Cell->render('\\App\\Libraries\\Blog::postItem', [...], 0, null)
 4 APPPATH\Views\blog.php(5): view_cell('\\App\\Libraries\\Blog::postItem', [...])
 5 SYSTEMPATH\View\View.php(213): include('APPPATH\\Views\\blog.php')
 6 SYSTEMPATH\View\View.php(216): CodeIgniter\View\View->CodeIgniter\View\{closure}()
 7 SYSTEMPATH\Common.php(1184): CodeIgniter\View\View->render('blog', [], true)
 8 APPPATH\Controllers\Blog.php(13): view('blog')
 9 SYSTEMPATH\CodeIgniter.php(934): App\Controllers\Blog->index()
10 SYSTEMPATH\CodeIgniter.php(499): CodeIgniter\CodeIgniter->runController(Object(App\Controllers\Blog))
11 SYSTEMPATH\CodeIgniter.php(368): CodeIgniter\CodeIgniter->handleRequest(null, Object(Config\Cache), false)
12 FCPATH\index.php(67): CodeIgniter\CodeIgniter->run()
CRITICAL - 2023-03-08 17:20:01 --> Unable to locate view cell class: "".
in SYSTEMPATH\View\Cell.php on line 181.
 1 SYSTEMPATH\View\Cell.php(181): CodeIgniter\View\Exceptions\ViewException::forInvalidCellClass(null)
 2 SYSTEMPATH\View\Cell.php(73): CodeIgniter\View\Cell->determineClass('\\App\\Libraries\\Blog:postItem')
 3 SYSTEMPATH\Common.php(1200): CodeIgniter\View\Cell->render('\\App\\Libraries\\Blog::postItem', [...], 0, null)
 4 APPPATH\Views\blog.php(5): view_cell('\\App\\Libraries\\Blog::postItem', [...])
 5 SYSTEMPATH\View\View.php(213): include('APPPATH\\Views\\blog.php')
 6 SYSTEMPATH\View\View.php(216): CodeIgniter\View\View->CodeIgniter\View\{closure}()
 7 SYSTEMPATH\Common.php(1184): CodeIgniter\View\View->render('blog', [], true)
 8 APPPATH\Controllers\Blog.php(13): view('blog')
 9 SYSTEMPATH\CodeIgniter.php(934): App\Controllers\Blog->index()
10 SYSTEMPATH\CodeIgniter.php(499): CodeIgniter\CodeIgniter->runController(Object(App\Controllers\Blog))
11 SYSTEMPATH\CodeIgniter.php(368): CodeIgniter\CodeIgniter->handleRequest(null, Object(Config\Cache), false)
12 FCPATH\index.php(67): CodeIgniter\CodeIgniter->run()
CRITICAL - 2023-03-08 17:20:37 --> Unable to locate view cell class: "".
in SYSTEMPATH\View\Cell.php on line 181.
 1 SYSTEMPATH\View\Cell.php(181): CodeIgniter\View\Exceptions\ViewException::forInvalidCellClass(null)
 2 SYSTEMPATH\View\Cell.php(73): CodeIgniter\View\Cell->determineClass('\\App\\Libraries\\Blog:postItem')
 3 SYSTEMPATH\Common.php(1200): CodeIgniter\View\Cell->render('\\App\\Libraries\\Blog::postItem', [...], 0, null)
 4 APPPATH\Views\blog.php(5): view_cell('\\App\\Libraries\\Blog::postItem', [...])
 5 SYSTEMPATH\View\View.php(213): include('APPPATH\\Views\\blog.php')
 6 SYSTEMPATH\View\View.php(216): CodeIgniter\View\View->CodeIgniter\View\{closure}()
 7 SYSTEMPATH\Common.php(1184): CodeIgniter\View\View->render('blog', [], true)
 8 APPPATH\Controllers\Blog.php(13): view('blog')
 9 SYSTEMPATH\CodeIgniter.php(934): App\Controllers\Blog->index()
10 SYSTEMPATH\CodeIgniter.php(499): CodeIgniter\CodeIgniter->runController(Object(App\Controllers\Blog))
11 SYSTEMPATH\CodeIgniter.php(368): CodeIgniter\CodeIgniter->handleRequest(null, Object(Config\Cache), false)
12 FCPATH\index.php(67): CodeIgniter\CodeIgniter->run()
CRITICAL - 2023-03-08 17:20:37 --> Unable to locate view cell class: "".
in SYSTEMPATH\View\Cell.php on line 181.
 1 SYSTEMPATH\View\Cell.php(181): CodeIgniter\View\Exceptions\ViewException::forInvalidCellClass(null)
 2 SYSTEMPATH\View\Cell.php(73): CodeIgniter\View\Cell->determineClass('\\App\\Libraries\\Blog:postItem')
 3 SYSTEMPATH\Common.php(1200): CodeIgniter\View\Cell->render('\\App\\Libraries\\Blog::postItem', [...], 0, null)
 4 APPPATH\Views\blog.php(5): view_cell('\\App\\Libraries\\Blog::postItem', [...])
 5 SYSTEMPATH\View\View.php(213): include('APPPATH\\Views\\blog.php')
 6 SYSTEMPATH\View\View.php(216): CodeIgniter\View\View->CodeIgniter\View\{closure}()
 7 SYSTEMPATH\Common.php(1184): CodeIgniter\View\View->render('blog', [], true)
 8 APPPATH\Controllers\Blog.php(13): view('blog')
 9 SYSTEMPATH\CodeIgniter.php(934): App\Controllers\Blog->index()
10 SYSTEMPATH\CodeIgniter.php(499): CodeIgniter\CodeIgniter->runController(Object(App\Controllers\Blog))
11 SYSTEMPATH\CodeIgniter.php(368): CodeIgniter\CodeIgniter->handleRequest(null, Object(Config\Cache), false)
12 FCPATH\index.php(67): CodeIgniter\CodeIgniter->run()
CRITICAL - 2023-03-08 17:20:37 --> Unable to locate view cell class: "".
in SYSTEMPATH\View\Cell.php on line 181.
 1 SYSTEMPATH\View\Cell.php(181): CodeIgniter\View\Exceptions\ViewException::forInvalidCellClass(null)
 2 SYSTEMPATH\View\Cell.php(73): CodeIgniter\View\Cell->determineClass('\\App\\Libraries\\Blog:postItem')
 3 SYSTEMPATH\Common.php(1200): CodeIgniter\View\Cell->render('\\App\\Libraries\\Blog::postItem', [...], 0, null)
 4 APPPATH\Views\blog.php(5): view_cell('\\App\\Libraries\\Blog::postItem', [...])
 5 SYSTEMPATH\View\View.php(213): include('APPPATH\\Views\\blog.php')
 6 SYSTEMPATH\View\View.php(216): CodeIgniter\View\View->CodeIgniter\View\{closure}()
 7 SYSTEMPATH\Common.php(1184): CodeIgniter\View\View->render('blog', [], true)
 8 APPPATH\Controllers\Blog.php(13): view('blog')
 9 SYSTEMPATH\CodeIgniter.php(934): App\Controllers\Blog->index()
10 SYSTEMPATH\CodeIgniter.php(499): CodeIgniter\CodeIgniter->runController(Object(App\Controllers\Blog))
11 SYSTEMPATH\CodeIgniter.php(368): CodeIgniter\CodeIgniter->handleRequest(null, Object(Config\Cache), false)
12 FCPATH\index.php(67): CodeIgniter\CodeIgniter->run()
CRITICAL - 2023-03-08 17:27:12 --> Unable to locate view cell class: "".
in SYSTEMPATH\View\Cell.php on line 181.
 1 SYSTEMPATH\View\Cell.php(181): CodeIgniter\View\Exceptions\ViewException::forInvalidCellClass(null)
 2 SYSTEMPATH\View\Cell.php(73): CodeIgniter\View\Cell->determineClass('\\App\\Libraries\\Blog:postItem')
 3 SYSTEMPATH\Common.php(1200): CodeIgniter\View\Cell->render('\\App\\Libraries\\Blog::postItem', [...], 0, null)
 4 APPPATH\Views\blog.php(6): view_cell('\\App\\Libraries\\Blog::postItem', [...])
 5 SYSTEMPATH\View\View.php(213): include('APPPATH\\Views\\blog.php')
 6 SYSTEMPATH\View\View.php(216): CodeIgniter\View\View->CodeIgniter\View\{closure}()
 7 SYSTEMPATH\Common.php(1184): CodeIgniter\View\View->render('blog', [], true)
 8 APPPATH\Controllers\Blog.php(13): view('blog')
 9 SYSTEMPATH\CodeIgniter.php(934): App\Controllers\Blog->index()
10 SYSTEMPATH\CodeIgniter.php(499): CodeIgniter\CodeIgniter->runController(Object(App\Controllers\Blog))
11 SYSTEMPATH\CodeIgniter.php(368): CodeIgniter\CodeIgniter->handleRequest(null, Object(Config\Cache), false)
12 FCPATH\index.php(67): CodeIgniter\CodeIgniter->run()
CRITICAL - 2023-03-08 17:27:13 --> Unable to locate view cell class: "".
in SYSTEMPATH\View\Cell.php on line 181.
 1 SYSTEMPATH\View\Cell.php(181): CodeIgniter\View\Exceptions\ViewException::forInvalidCellClass(null)
 2 SYSTEMPATH\View\Cell.php(73): CodeIgniter\View\Cell->determineClass('\\App\\Libraries\\Blog:postItem')
 3 SYSTEMPATH\Common.php(1200): CodeIgniter\View\Cell->render('\\App\\Libraries\\Blog::postItem', [...], 0, null)
 4 APPPATH\Views\blog.php(6): view_cell('\\App\\Libraries\\Blog::postItem', [...])
 5 SYSTEMPATH\View\View.php(213): include('APPPATH\\Views\\blog.php')
 6 SYSTEMPATH\View\View.php(216): CodeIgniter\View\View->CodeIgniter\View\{closure}()
 7 SYSTEMPATH\Common.php(1184): CodeIgniter\View\View->render('blog', [], true)
 8 APPPATH\Controllers\Blog.php(13): view('blog')
 9 SYSTEMPATH\CodeIgniter.php(934): App\Controllers\Blog->index()
10 SYSTEMPATH\CodeIgniter.php(499): CodeIgniter\CodeIgniter->runController(Object(App\Controllers\Blog))
11 SYSTEMPATH\CodeIgniter.php(368): CodeIgniter\CodeIgniter->handleRequest(null, Object(Config\Cache), false)
12 FCPATH\index.php(67): CodeIgniter\CodeIgniter->run()
CRITICAL - 2023-03-08 17:27:51 --> syntax error, unexpected token ";"
in APPPATH\Views\blog.php on line 6.
 1 SYSTEMPATH\View\View.php(216): CodeIgniter\View\View->CodeIgniter\View\{closure}()
 2 SYSTEMPATH\Common.php(1184): CodeIgniter\View\View->render('blog', [], true)
 3 APPPATH\Controllers\Blog.php(13): view('blog')
 4 SYSTEMPATH\CodeIgniter.php(934): App\Controllers\Blog->index()
 5 SYSTEMPATH\CodeIgniter.php(499): CodeIgniter\CodeIgniter->runController(Object(App\Controllers\Blog))
 6 SYSTEMPATH\CodeIgniter.php(368): CodeIgniter\CodeIgniter->handleRequest(null, Object(Config\Cache), false)
 7 FCPATH\index.php(67): CodeIgniter\CodeIgniter->run()
CRITICAL - 2023-03-08 17:29:41 --> Unable to locate view cell class: "".
in SYSTEMPATH\View\Cell.php on line 181.
 1 SYSTEMPATH\View\Cell.php(181): CodeIgniter\View\Exceptions\ViewException::forInvalidCellClass(null)
 2 SYSTEMPATH\View\Cell.php(73): CodeIgniter\View\Cell->determineClass('\\App\\Libraries\\Blog:postItem')
 3 SYSTEMPATH\Common.php(1200): CodeIgniter\View\Cell->render('\\App\\Libraries\\Blog::postItem', [...], 0, null)
 4 APPPATH\Views\blog.php(6): view_cell('\\App\\Libraries\\Blog::postItem', [...])
 5 SYSTEMPATH\View\View.php(213): include('APPPATH\\Views\\blog.php')
 6 SYSTEMPATH\View\View.php(216): CodeIgniter\View\View->CodeIgniter\View\{closure}()
 7 SYSTEMPATH\Common.php(1184): CodeIgniter\View\View->render('blog', [], true)
 8 APPPATH\Controllers\Blog.php(13): view('blog')
 9 SYSTEMPATH\CodeIgniter.php(934): App\Controllers\Blog->index()
10 SYSTEMPATH\CodeIgniter.php(499): CodeIgniter\CodeIgniter->runController(Object(App\Controllers\Blog))
11 SYSTEMPATH\CodeIgniter.php(368): CodeIgniter\CodeIgniter->handleRequest(null, Object(Config\Cache), false)
12 FCPATH\index.php(67): CodeIgniter\CodeIgniter->run()
CRITICAL - 2023-03-08 17:29:43 --> Unable to locate view cell class: "".
in SYSTEMPATH\View\Cell.php on line 181.
 1 SYSTEMPATH\View\Cell.php(181): CodeIgniter\View\Exceptions\ViewException::forInvalidCellClass(null)
 2 SYSTEMPATH\View\Cell.php(73): CodeIgniter\View\Cell->determineClass('\\App\\Libraries\\Blog:postItem')
 3 SYSTEMPATH\Common.php(1200): CodeIgniter\View\Cell->render('\\App\\Libraries\\Blog::postItem', [...], 0, null)
 4 APPPATH\Views\blog.php(6): view_cell('\\App\\Libraries\\Blog::postItem', [...])
 5 SYSTEMPATH\View\View.php(213): include('APPPATH\\Views\\blog.php')
 6 SYSTEMPATH\View\View.php(216): CodeIgniter\View\View->CodeIgniter\View\{closure}()
 7 SYSTEMPATH\Common.php(1184): CodeIgniter\View\View->render('blog', [], true)
 8 APPPATH\Controllers\Blog.php(13): view('blog')
 9 SYSTEMPATH\CodeIgniter.php(934): App\Controllers\Blog->index()
10 SYSTEMPATH\CodeIgniter.php(499): CodeIgniter\CodeIgniter->runController(Object(App\Controllers\Blog))
11 SYSTEMPATH\CodeIgniter.php(368): CodeIgniter\CodeIgniter->handleRequest(null, Object(Config\Cache), false)
12 FCPATH\index.php(67): CodeIgniter\CodeIgniter->run()
CRITICAL - 2023-03-08 17:29:47 --> Unable to locate view cell class: "".
in SYSTEMPATH\View\Cell.php on line 181.
 1 SYSTEMPATH\View\Cell.php(181): CodeIgniter\View\Exceptions\ViewException::forInvalidCellClass(null)
 2 SYSTEMPATH\View\Cell.php(73): CodeIgniter\View\Cell->determineClass('\\App\\Libraries\\Blog:postItem')
 3 SYSTEMPATH\Common.php(1200): CodeIgniter\View\Cell->render('\\App\\Libraries\\Blog::postItem', [...], 0, null)
 4 APPPATH\Views\blog.php(6): view_cell('\\App\\Libraries\\Blog::postItem', [...])
 5 SYSTEMPATH\View\View.php(213): include('APPPATH\\Views\\blog.php')
 6 SYSTEMPATH\View\View.php(216): CodeIgniter\View\View->CodeIgniter\View\{closure}()
 7 SYSTEMPATH\Common.php(1184): CodeIgniter\View\View->render('blog', [], true)
 8 APPPATH\Controllers\Blog.php(13): view('blog')
 9 SYSTEMPATH\CodeIgniter.php(934): App\Controllers\Blog->index()
10 SYSTEMPATH\CodeIgniter.php(499): CodeIgniter\CodeIgniter->runController(Object(App\Controllers\Blog))
11 SYSTEMPATH\CodeIgniter.php(368): CodeIgniter\CodeIgniter->handleRequest(null, Object(Config\Cache), false)
12 FCPATH\index.php(67): CodeIgniter\CodeIgniter->run()
CRITICAL - 2023-03-08 17:29:49 --> Unable to locate view cell class: "".
in SYSTEMPATH\View\Cell.php on line 181.
 1 SYSTEMPATH\View\Cell.php(181): CodeIgniter\View\Exceptions\ViewException::forInvalidCellClass(null)
 2 SYSTEMPATH\View\Cell.php(73): CodeIgniter\View\Cell->determineClass('\\App\\Libraries\\Blog:postItem')
 3 SYSTEMPATH\Common.php(1200): CodeIgniter\View\Cell->render('\\App\\Libraries\\Blog::postItem', [...], 0, null)
 4 APPPATH\Views\blog.php(6): view_cell('\\App\\Libraries\\Blog::postItem', [...])
 5 SYSTEMPATH\View\View.php(213): include('APPPATH\\Views\\blog.php')
 6 SYSTEMPATH\View\View.php(216): CodeIgniter\View\View->CodeIgniter\View\{closure}()
 7 SYSTEMPATH\Common.php(1184): CodeIgniter\View\View->render('blog', [], true)
 8 APPPATH\Controllers\Blog.php(13): view('blog')
 9 SYSTEMPATH\CodeIgniter.php(934): App\Controllers\Blog->index()
10 SYSTEMPATH\CodeIgniter.php(499): CodeIgniter\CodeIgniter->runController(Object(App\Controllers\Blog))
11 SYSTEMPATH\CodeIgniter.php(368): CodeIgniter\CodeIgniter->handleRequest(null, Object(Config\Cache), false)
12 FCPATH\index.php(67): CodeIgniter\CodeIgniter->run()
CRITICAL - 2023-03-08 17:29:50 --> Unable to locate view cell class: "".
in SYSTEMPATH\View\Cell.php on line 181.
 1 SYSTEMPATH\View\Cell.php(181): CodeIgniter\View\Exceptions\ViewException::forInvalidCellClass(null)
 2 SYSTEMPATH\View\Cell.php(73): CodeIgniter\View\Cell->determineClass('\\App\\Libraries\\Blog:postItem')
 3 SYSTEMPATH\Common.php(1200): CodeIgniter\View\Cell->render('\\App\\Libraries\\Blog::postItem', [...], 0, null)
 4 APPPATH\Views\blog.php(6): view_cell('\\App\\Libraries\\Blog::postItem', [...])
 5 SYSTEMPATH\View\View.php(213): include('APPPATH\\Views\\blog.php')
 6 SYSTEMPATH\View\View.php(216): CodeIgniter\View\View->CodeIgniter\View\{closure}()
 7 SYSTEMPATH\Common.php(1184): CodeIgniter\View\View->render('blog', [], true)
 8 APPPATH\Controllers\Blog.php(13): view('blog')
 9 SYSTEMPATH\CodeIgniter.php(934): App\Controllers\Blog->index()
10 SYSTEMPATH\CodeIgniter.php(499): CodeIgniter\CodeIgniter->runController(Object(App\Controllers\Blog))
11 SYSTEMPATH\CodeIgniter.php(368): CodeIgniter\CodeIgniter->handleRequest(null, Object(Config\Cache), false)
12 FCPATH\index.php(67): CodeIgniter\CodeIgniter->run()
CRITICAL - 2023-03-08 17:29:51 --> Unable to locate view cell class: "".
in SYSTEMPATH\View\Cell.php on line 181.
 1 SYSTEMPATH\View\Cell.php(181): CodeIgniter\View\Exceptions\ViewException::forInvalidCellClass(null)
 2 SYSTEMPATH\View\Cell.php(73): CodeIgniter\View\Cell->determineClass('\\App\\Libraries\\Blog:postItem')
 3 SYSTEMPATH\Common.php(1200): CodeIgniter\View\Cell->render('\\App\\Libraries\\Blog::postItem', [...], 0, null)
 4 APPPATH\Views\blog.php(6): view_cell('\\App\\Libraries\\Blog::postItem', [...])
 5 SYSTEMPATH\View\View.php(213): include('APPPATH\\Views\\blog.php')
 6 SYSTEMPATH\View\View.php(216): CodeIgniter\View\View->CodeIgniter\View\{closure}()
 7 SYSTEMPATH\Common.php(1184): CodeIgniter\View\View->render('blog', [], true)
 8 APPPATH\Controllers\Blog.php(13): view('blog')
 9 SYSTEMPATH\CodeIgniter.php(934): App\Controllers\Blog->index()
10 SYSTEMPATH\CodeIgniter.php(499): CodeIgniter\CodeIgniter->runController(Object(App\Controllers\Blog))
11 SYSTEMPATH\CodeIgniter.php(368): CodeIgniter\CodeIgniter->handleRequest(null, Object(Config\Cache), false)
12 FCPATH\index.php(67): CodeIgniter\CodeIgniter->run()
CRITICAL - 2023-03-08 17:29:58 --> Unable to locate view cell class: "".
in SYSTEMPATH\View\Cell.php on line 181.
 1 SYSTEMPATH\View\Cell.php(181): CodeIgniter\View\Exceptions\ViewException::forInvalidCellClass(null)
 2 SYSTEMPATH\View\Cell.php(73): CodeIgniter\View\Cell->determineClass('\\App\\Libraries\\Blog:postItem')
 3 SYSTEMPATH\Common.php(1200): CodeIgniter\View\Cell->render('\\App\\Libraries\\Blog::postItem', [...], 0, null)
 4 APPPATH\Views\blog.php(6): view_cell('\\App\\Libraries\\Blog::postItem', [...])
 5 SYSTEMPATH\View\View.php(213): include('APPPATH\\Views\\blog.php')
 6 SYSTEMPATH\View\View.php(216): CodeIgniter\View\View->CodeIgniter\View\{closure}()
 7 SYSTEMPATH\Common.php(1184): CodeIgniter\View\View->render('blog', [], true)
 8 APPPATH\Controllers\Blog.php(13): view('blog')
 9 SYSTEMPATH\CodeIgniter.php(934): App\Controllers\Blog->index()
10 SYSTEMPATH\CodeIgniter.php(499): CodeIgniter\CodeIgniter->runController(Object(App\Controllers\Blog))
11 SYSTEMPATH\CodeIgniter.php(368): CodeIgniter\CodeIgniter->handleRequest(null, Object(Config\Cache), false)
12 FCPATH\index.php(67): CodeIgniter\CodeIgniter->run()
CRITICAL - 2023-03-08 17:32:42 --> Unable to locate view cell class: "".
in SYSTEMPATH\View\Cell.php on line 181.
 1 SYSTEMPATH\View\Cell.php(181): CodeIgniter\View\Exceptions\ViewException::forInvalidCellClass(null)
 2 SYSTEMPATH\View\Cell.php(73): CodeIgniter\View\Cell->determineClass('\\App\\Libraries\\Blog:postItem')
 3 SYSTEMPATH\Common.php(1200): CodeIgniter\View\Cell->render('\\App\\Libraries\\Blog::postItem', [...], 0, null)
 4 APPPATH\Views\blog.php(6): view_cell('\\App\\Libraries\\Blog::postItem', [...])
 5 SYSTEMPATH\View\View.php(213): include('APPPATH\\Views\\blog.php')
 6 SYSTEMPATH\View\View.php(216): CodeIgniter\View\View->CodeIgniter\View\{closure}()
 7 SYSTEMPATH\Common.php(1184): CodeIgniter\View\View->render('blog', [], true)
 8 APPPATH\Controllers\Blog.php(13): view('blog')
 9 SYSTEMPATH\CodeIgniter.php(934): App\Controllers\Blog->index()
10 SYSTEMPATH\CodeIgniter.php(499): CodeIgniter\CodeIgniter->runController(Object(App\Controllers\Blog))
11 SYSTEMPATH\CodeIgniter.php(368): CodeIgniter\CodeIgniter->handleRequest(null, Object(Config\Cache), false)
12 FCPATH\index.php(67): CodeIgniter\CodeIgniter->run()
CRITICAL - 2023-03-08 17:32:43 --> Unable to locate view cell class: "".
in SYSTEMPATH\View\Cell.php on line 181.
 1 SYSTEMPATH\View\Cell.php(181): CodeIgniter\View\Exceptions\ViewException::forInvalidCellClass(null)
 2 SYSTEMPATH\View\Cell.php(73): CodeIgniter\View\Cell->determineClass('\\App\\Libraries\\Blog:postItem')
 3 SYSTEMPATH\Common.php(1200): CodeIgniter\View\Cell->render('\\App\\Libraries\\Blog::postItem', [...], 0, null)
 4 APPPATH\Views\blog.php(6): view_cell('\\App\\Libraries\\Blog::postItem', [...])
 5 SYSTEMPATH\View\View.php(213): include('APPPATH\\Views\\blog.php')
 6 SYSTEMPATH\View\View.php(216): CodeIgniter\View\View->CodeIgniter\View\{closure}()
 7 SYSTEMPATH\Common.php(1184): CodeIgniter\View\View->render('blog', [], true)
 8 APPPATH\Controllers\Blog.php(13): view('blog')
 9 SYSTEMPATH\CodeIgniter.php(934): App\Controllers\Blog->index()
10 SYSTEMPATH\CodeIgniter.php(499): CodeIgniter\CodeIgniter->runController(Object(App\Controllers\Blog))
11 SYSTEMPATH\CodeIgniter.php(368): CodeIgniter\CodeIgniter->handleRequest(null, Object(Config\Cache), false)
12 FCPATH\index.php(67): CodeIgniter\CodeIgniter->run()
CRITICAL - 2023-03-08 17:32:45 --> Unable to locate view cell class: "".
in SYSTEMPATH\View\Cell.php on line 181.
 1 SYSTEMPATH\View\Cell.php(181): CodeIgniter\View\Exceptions\ViewException::forInvalidCellClass(null)
 2 SYSTEMPATH\View\Cell.php(73): CodeIgniter\View\Cell->determineClass('\\App\\Libraries\\Blog:postItem')
 3 SYSTEMPATH\Common.php(1200): CodeIgniter\View\Cell->render('\\App\\Libraries\\Blog::postItem', [...], 0, null)
 4 APPPATH\Views\blog.php(6): view_cell('\\App\\Libraries\\Blog::postItem', [...])
 5 SYSTEMPATH\View\View.php(213): include('APPPATH\\Views\\blog.php')
 6 SYSTEMPATH\View\View.php(216): CodeIgniter\View\View->CodeIgniter\View\{closure}()
 7 SYSTEMPATH\Common.php(1184): CodeIgniter\View\View->render('blog', [], true)
 8 APPPATH\Controllers\Blog.php(13): view('blog')
 9 SYSTEMPATH\CodeIgniter.php(934): App\Controllers\Blog->index()
10 SYSTEMPATH\CodeIgniter.php(499): CodeIgniter\CodeIgniter->runController(Object(App\Controllers\Blog))
11 SYSTEMPATH\CodeIgniter.php(368): CodeIgniter\CodeIgniter->handleRequest(null, Object(Config\Cache), false)
12 FCPATH\index.php(67): CodeIgniter\CodeIgniter->run()
CRITICAL - 2023-03-08 17:32:45 --> Unable to locate view cell class: "".
in SYSTEMPATH\View\Cell.php on line 181.
 1 SYSTEMPATH\View\Cell.php(181): CodeIgniter\View\Exceptions\ViewException::forInvalidCellClass(null)
 2 SYSTEMPATH\View\Cell.php(73): CodeIgniter\View\Cell->determineClass('\\App\\Libraries\\Blog:postItem')
 3 SYSTEMPATH\Common.php(1200): CodeIgniter\View\Cell->render('\\App\\Libraries\\Blog::postItem', [...], 0, null)
 4 APPPATH\Views\blog.php(6): view_cell('\\App\\Libraries\\Blog::postItem', [...])
 5 SYSTEMPATH\View\View.php(213): include('APPPATH\\Views\\blog.php')
 6 SYSTEMPATH\View\View.php(216): CodeIgniter\View\View->CodeIgniter\View\{closure}()
 7 SYSTEMPATH\Common.php(1184): CodeIgniter\View\View->render('blog', [], true)
 8 APPPATH\Controllers\Blog.php(13): view('blog')
 9 SYSTEMPATH\CodeIgniter.php(934): App\Controllers\Blog->index()
10 SYSTEMPATH\CodeIgniter.php(499): CodeIgniter\CodeIgniter->runController(Object(App\Controllers\Blog))
11 SYSTEMPATH\CodeIgniter.php(368): CodeIgniter\CodeIgniter->handleRequest(null, Object(Config\Cache), false)
12 FCPATH\index.php(67): CodeIgniter\CodeIgniter->run()
CRITICAL - 2023-03-08 17:37:33 --> Unable to locate view cell class: "".
in SYSTEMPATH\View\Cell.php on line 181.
 1 SYSTEMPATH\View\Cell.php(181): CodeIgniter\View\Exceptions\ViewException::forInvalidCellClass(null)
 2 SYSTEMPATH\View\Cell.php(73): CodeIgniter\View\Cell->determineClass('\\App\\Libraries\\Blog:postItem')
 3 SYSTEMPATH\Common.php(1200): CodeIgniter\View\Cell->render('\\App\\Libraries\\Blog::postItem', [...], 0, null)
 4 APPPATH\Views\blog.php(5): view_cell('\\App\\Libraries\\Blog::postItem', [...])
 5 SYSTEMPATH\View\View.php(213): include('APPPATH\\Views\\blog.php')
 6 SYSTEMPATH\View\View.php(216): CodeIgniter\View\View->CodeIgniter\View\{closure}()
 7 SYSTEMPATH\Common.php(1184): CodeIgniter\View\View->render('blog', [], true)
 8 APPPATH\Controllers\Blog.php(13): view('blog')
 9 SYSTEMPATH\CodeIgniter.php(934): App\Controllers\Blog->index()
10 SYSTEMPATH\CodeIgniter.php(499): CodeIgniter\CodeIgniter->runController(Object(App\Controllers\Blog))
11 SYSTEMPATH\CodeIgniter.php(368): CodeIgniter\CodeIgniter->handleRequest(null, Object(Config\Cache), false)
12 FCPATH\index.php(67): CodeIgniter\CodeIgniter->run()
CRITICAL - 2023-03-08 17:37:35 --> Unable to locate view cell class: "".
in SYSTEMPATH\View\Cell.php on line 181.
 1 SYSTEMPATH\View\Cell.php(181): CodeIgniter\View\Exceptions\ViewException::forInvalidCellClass(null)
 2 SYSTEMPATH\View\Cell.php(73): CodeIgniter\View\Cell->determineClass('\\App\\Libraries\\Blog:postItem')
 3 SYSTEMPATH\Common.php(1200): CodeIgniter\View\Cell->render('\\App\\Libraries\\Blog::postItem', [...], 0, null)
 4 APPPATH\Views\blog.php(5): view_cell('\\App\\Libraries\\Blog::postItem', [...])
 5 SYSTEMPATH\View\View.php(213): include('APPPATH\\Views\\blog.php')
 6 SYSTEMPATH\View\View.php(216): CodeIgniter\View\View->CodeIgniter\View\{closure}()
 7 SYSTEMPATH\Common.php(1184): CodeIgniter\View\View->render('blog', [], true)
 8 APPPATH\Controllers\Blog.php(13): view('blog')
 9 SYSTEMPATH\CodeIgniter.php(934): App\Controllers\Blog->index()
10 SYSTEMPATH\CodeIgniter.php(499): CodeIgniter\CodeIgniter->runController(Object(App\Controllers\Blog))
11 SYSTEMPATH\CodeIgniter.php(368): CodeIgniter\CodeIgniter->handleRequest(null, Object(Config\Cache), false)
12 FCPATH\index.php(67): CodeIgniter\CodeIgniter->run()
CRITICAL - 2023-03-08 17:46:47 --> Unable to locate view cell class: "".
in SYSTEMPATH\View\Cell.php on line 181.
 1 SYSTEMPATH\View\Cell.php(181): CodeIgniter\View\Exceptions\ViewException::forInvalidCellClass(null)
 2 SYSTEMPATH\View\Cell.php(73): CodeIgniter\View\Cell->determineClass('\\App\\Libraries\\Blog:postItem')
 3 SYSTEMPATH\Common.php(1200): CodeIgniter\View\Cell->render('\\App\\Libraries\\Blog::postItem', [...], 0, null)
 4 APPPATH\Views\blog.php(6): view_cell('\\App\\Libraries\\Blog::postItem', [...])
 5 SYSTEMPATH\View\View.php(213): include('APPPATH\\Views\\blog.php')
 6 SYSTEMPATH\View\View.php(216): CodeIgniter\View\View->CodeIgniter\View\{closure}()
 7 SYSTEMPATH\Common.php(1184): CodeIgniter\View\View->render('blog', [], true)
 8 APPPATH\Controllers\Blog.php(13): view('blog')
 9 SYSTEMPATH\CodeIgniter.php(934): App\Controllers\Blog->index()
10 SYSTEMPATH\CodeIgniter.php(499): CodeIgniter\CodeIgniter->runController(Object(App\Controllers\Blog))
11 SYSTEMPATH\CodeIgniter.php(368): CodeIgniter\CodeIgniter->handleRequest(null, Object(Config\Cache), false)
12 FCPATH\index.php(67): CodeIgniter\CodeIgniter->run()
CRITICAL - 2023-03-08 17:46:51 --> Unable to locate view cell class: "".
in SYSTEMPATH\View\Cell.php on line 181.
 1 SYSTEMPATH\View\Cell.php(181): CodeIgniter\View\Exceptions\ViewException::forInvalidCellClass(null)
 2 SYSTEMPATH\View\Cell.php(73): CodeIgniter\View\Cell->determineClass('\\App\\Libraries\\Blog:postItem')
 3 SYSTEMPATH\Common.php(1200): CodeIgniter\View\Cell->render('\\App\\Libraries\\Blog::postItem', [...], 0, null)
 4 APPPATH\Views\blog.php(6): view_cell('\\App\\Libraries\\Blog::postItem', [...])
 5 SYSTEMPATH\View\View.php(213): include('APPPATH\\Views\\blog.php')
 6 SYSTEMPATH\View\View.php(216): CodeIgniter\View\View->CodeIgniter\View\{closure}()
 7 SYSTEMPATH\Common.php(1184): CodeIgniter\View\View->render('blog', [], true)
 8 APPPATH\Controllers\Blog.php(13): view('blog')
 9 SYSTEMPATH\CodeIgniter.php(934): App\Controllers\Blog->index()
10 SYSTEMPATH\CodeIgniter.php(499): CodeIgniter\CodeIgniter->runController(Object(App\Controllers\Blog))
11 SYSTEMPATH\CodeIgniter.php(368): CodeIgniter\CodeIgniter->handleRequest(null, Object(Config\Cache), false)
12 FCPATH\index.php(67): CodeIgniter\CodeIgniter->run()
CRITICAL - 2023-03-08 17:49:25 --> Unable to locate view cell class: "".
in SYSTEMPATH\View\Cell.php on line 181.
 1 SYSTEMPATH\View\Cell.php(181): CodeIgniter\View\Exceptions\ViewException::forInvalidCellClass(null)
 2 SYSTEMPATH\View\Cell.php(73): CodeIgniter\View\Cell->determineClass('\\App\\Libraries\\Blog:postItem')
 3 SYSTEMPATH\Common.php(1200): CodeIgniter\View\Cell->render('\\App\\Libraries\\Blog::postItem', 'Title 1', 0, null)
 4 APPPATH\Views\blog.php(6): view_cell('\\App\\Libraries\\Blog::postItem', 'Title 1')
 5 SYSTEMPATH\View\View.php(213): include('APPPATH\\Views\\blog.php')
 6 SYSTEMPATH\View\View.php(216): CodeIgniter\View\View->CodeIgniter\View\{closure}()
 7 SYSTEMPATH\Common.php(1184): CodeIgniter\View\View->render('blog', [], true)
 8 APPPATH\Controllers\Blog.php(13): view('blog')
 9 SYSTEMPATH\CodeIgniter.php(934): App\Controllers\Blog->index()
10 SYSTEMPATH\CodeIgniter.php(499): CodeIgniter\CodeIgniter->runController(Object(App\Controllers\Blog))
11 SYSTEMPATH\CodeIgniter.php(368): CodeIgniter\CodeIgniter->handleRequest(null, Object(Config\Cache), false)
12 FCPATH\index.php(67): CodeIgniter\CodeIgniter->run()
CRITICAL - 2023-03-08 17:49:27 --> Unable to locate view cell class: "".
in SYSTEMPATH\View\Cell.php on line 181.
 1 SYSTEMPATH\View\Cell.php(181): CodeIgniter\View\Exceptions\ViewException::forInvalidCellClass(null)
 2 SYSTEMPATH\View\Cell.php(73): CodeIgniter\View\Cell->determineClass('\\App\\Libraries\\Blog:postItem')
 3 SYSTEMPATH\Common.php(1200): CodeIgniter\View\Cell->render('\\App\\Libraries\\Blog::postItem', 'Title 1', 0, null)
 4 APPPATH\Views\blog.php(6): view_cell('\\App\\Libraries\\Blog::postItem', 'Title 1')
 5 SYSTEMPATH\View\View.php(213): include('APPPATH\\Views\\blog.php')
 6 SYSTEMPATH\View\View.php(216): CodeIgniter\View\View->CodeIgniter\View\{closure}()
 7 SYSTEMPATH\Common.php(1184): CodeIgniter\View\View->render('blog', [], true)
 8 APPPATH\Controllers\Blog.php(13): view('blog')
 9 SYSTEMPATH\CodeIgniter.php(934): App\Controllers\Blog->index()
10 SYSTEMPATH\CodeIgniter.php(499): CodeIgniter\CodeIgniter->runController(Object(App\Controllers\Blog))
11 SYSTEMPATH\CodeIgniter.php(368): CodeIgniter\CodeIgniter->handleRequest(null, Object(Config\Cache), false)
12 FCPATH\index.php(67): CodeIgniter\CodeIgniter->run()
CRITICAL - 2023-03-08 17:49:27 --> Unable to locate view cell class: "".
in SYSTEMPATH\View\Cell.php on line 181.
 1 SYSTEMPATH\View\Cell.php(181): CodeIgniter\View\Exceptions\ViewException::forInvalidCellClass(null)
 2 SYSTEMPATH\View\Cell.php(73): CodeIgniter\View\Cell->determineClass('\\App\\Libraries\\Blog:postItem')
 3 SYSTEMPATH\Common.php(1200): CodeIgniter\View\Cell->render('\\App\\Libraries\\Blog::postItem', 'Title 1', 0, null)
 4 APPPATH\Views\blog.php(6): view_cell('\\App\\Libraries\\Blog::postItem', 'Title 1')
 5 SYSTEMPATH\View\View.php(213): include('APPPATH\\Views\\blog.php')
 6 SYSTEMPATH\View\View.php(216): CodeIgniter\View\View->CodeIgniter\View\{closure}()
 7 SYSTEMPATH\Common.php(1184): CodeIgniter\View\View->render('blog', [], true)
 8 APPPATH\Controllers\Blog.php(13): view('blog')
 9 SYSTEMPATH\CodeIgniter.php(934): App\Controllers\Blog->index()
10 SYSTEMPATH\CodeIgniter.php(499): CodeIgniter\CodeIgniter->runController(Object(App\Controllers\Blog))
11 SYSTEMPATH\CodeIgniter.php(368): CodeIgniter\CodeIgniter->handleRequest(null, Object(Config\Cache), false)
12 FCPATH\index.php(67): CodeIgniter\CodeIgniter->run()
CRITICAL - 2023-03-08 17:49:27 --> Unable to locate view cell class: "".
in SYSTEMPATH\View\Cell.php on line 181.
 1 SYSTEMPATH\View\Cell.php(181): CodeIgniter\View\Exceptions\ViewException::forInvalidCellClass(null)
 2 SYSTEMPATH\View\Cell.php(73): CodeIgniter\View\Cell->determineClass('\\App\\Libraries\\Blog:postItem')
 3 SYSTEMPATH\Common.php(1200): CodeIgniter\View\Cell->render('\\App\\Libraries\\Blog::postItem', 'Title 1', 0, null)
 4 APPPATH\Views\blog.php(6): view_cell('\\App\\Libraries\\Blog::postItem', 'Title 1')
 5 SYSTEMPATH\View\View.php(213): include('APPPATH\\Views\\blog.php')
 6 SYSTEMPATH\View\View.php(216): CodeIgniter\View\View->CodeIgniter\View\{closure}()
 7 SYSTEMPATH\Common.php(1184): CodeIgniter\View\View->render('blog', [], true)
 8 APPPATH\Controllers\Blog.php(13): view('blog')
 9 SYSTEMPATH\CodeIgniter.php(934): App\Controllers\Blog->index()
10 SYSTEMPATH\CodeIgniter.php(499): CodeIgniter\CodeIgniter->runController(Object(App\Controllers\Blog))
11 SYSTEMPATH\CodeIgniter.php(368): CodeIgniter\CodeIgniter->handleRequest(null, Object(Config\Cache), false)
12 FCPATH\index.php(67): CodeIgniter\CodeIgniter->run()
CRITICAL - 2023-03-08 17:49:27 --> Unable to locate view cell class: "".
in SYSTEMPATH\View\Cell.php on line 181.
 1 SYSTEMPATH\View\Cell.php(181): CodeIgniter\View\Exceptions\ViewException::forInvalidCellClass(null)
 2 SYSTEMPATH\View\Cell.php(73): CodeIgniter\View\Cell->determineClass('\\App\\Libraries\\Blog:postItem')
 3 SYSTEMPATH\Common.php(1200): CodeIgniter\View\Cell->render('\\App\\Libraries\\Blog::postItem', 'Title 1', 0, null)
 4 APPPATH\Views\blog.php(6): view_cell('\\App\\Libraries\\Blog::postItem', 'Title 1')
 5 SYSTEMPATH\View\View.php(213): include('APPPATH\\Views\\blog.php')
 6 SYSTEMPATH\View\View.php(216): CodeIgniter\View\View->CodeIgniter\View\{closure}()
 7 SYSTEMPATH\Common.php(1184): CodeIgniter\View\View->render('blog', [], true)
 8 APPPATH\Controllers\Blog.php(13): view('blog')
 9 SYSTEMPATH\CodeIgniter.php(934): App\Controllers\Blog->index()
10 SYSTEMPATH\CodeIgniter.php(499): CodeIgniter\CodeIgniter->runController(Object(App\Controllers\Blog))
11 SYSTEMPATH\CodeIgniter.php(368): CodeIgniter\CodeIgniter->handleRequest(null, Object(Config\Cache), false)
12 FCPATH\index.php(67): CodeIgniter\CodeIgniter->run()
CRITICAL - 2023-03-08 17:58:04 --> Unable to locate view cell class: "".
in SYSTEMPATH\View\Cell.php on line 181.
 1 SYSTEMPATH\View\Cell.php(181): CodeIgniter\View\Exceptions\ViewException::forInvalidCellClass(null)
 2 SYSTEMPATH\View\Cell.php(73): CodeIgniter\View\Cell->determineClass('\\App\\Libraries\\Blog:postItem')
 3 SYSTEMPATH\Common.php(1200): CodeIgniter\View\Cell->render('\\App\\Libraries\\Blog::postItem', [...], 0, null)
 4 APPPATH\Views\blog.php(6): view_cell('\\App\\Libraries\\Blog::postItem', [...])
 5 SYSTEMPATH\View\View.php(213): include('APPPATH\\Views\\blog.php')
 6 SYSTEMPATH\View\View.php(216): CodeIgniter\View\View->CodeIgniter\View\{closure}()
 7 SYSTEMPATH\Common.php(1184): CodeIgniter\View\View->render('blog', [], true)
 8 APPPATH\Controllers\Blog.php(13): view('blog')
 9 SYSTEMPATH\CodeIgniter.php(934): App\Controllers\Blog->index()
10 SYSTEMPATH\CodeIgniter.php(499): CodeIgniter\CodeIgniter->runController(Object(App\Controllers\Blog))
11 SYSTEMPATH\CodeIgniter.php(368): CodeIgniter\CodeIgniter->handleRequest(null, Object(Config\Cache), false)
12 FCPATH\index.php(67): CodeIgniter\CodeIgniter->run()
CRITICAL - 2023-03-08 17:58:05 --> Unable to locate view cell class: "".
in SYSTEMPATH\View\Cell.php on line 181.
 1 SYSTEMPATH\View\Cell.php(181): CodeIgniter\View\Exceptions\ViewException::forInvalidCellClass(null)
 2 SYSTEMPATH\View\Cell.php(73): CodeIgniter\View\Cell->determineClass('\\App\\Libraries\\Blog:postItem')
 3 SYSTEMPATH\Common.php(1200): CodeIgniter\View\Cell->render('\\App\\Libraries\\Blog::postItem', [...], 0, null)
 4 APPPATH\Views\blog.php(6): view_cell('\\App\\Libraries\\Blog::postItem', [...])
 5 SYSTEMPATH\View\View.php(213): include('APPPATH\\Views\\blog.php')
 6 SYSTEMPATH\View\View.php(216): CodeIgniter\View\View->CodeIgniter\View\{closure}()
 7 SYSTEMPATH\Common.php(1184): CodeIgniter\View\View->render('blog', [], true)
 8 APPPATH\Controllers\Blog.php(13): view('blog')
 9 SYSTEMPATH\CodeIgniter.php(934): App\Controllers\Blog->index()
10 SYSTEMPATH\CodeIgniter.php(499): CodeIgniter\CodeIgniter->runController(Object(App\Controllers\Blog))
11 SYSTEMPATH\CodeIgniter.php(368): CodeIgniter\CodeIgniter->handleRequest(null, Object(Config\Cache), false)
12 FCPATH\index.php(67): CodeIgniter\CodeIgniter->run()
CRITICAL - 2023-03-08 17:58:05 --> Unable to locate view cell class: "".
in SYSTEMPATH\View\Cell.php on line 181.
 1 SYSTEMPATH\View\Cell.php(181): CodeIgniter\View\Exceptions\ViewException::forInvalidCellClass(null)
 2 SYSTEMPATH\View\Cell.php(73): CodeIgniter\View\Cell->determineClass('\\App\\Libraries\\Blog:postItem')
 3 SYSTEMPATH\Common.php(1200): CodeIgniter\View\Cell->render('\\App\\Libraries\\Blog::postItem', [...], 0, null)
 4 APPPATH\Views\blog.php(6): view_cell('\\App\\Libraries\\Blog::postItem', [...])
 5 SYSTEMPATH\View\View.php(213): include('APPPATH\\Views\\blog.php')
 6 SYSTEMPATH\View\View.php(216): CodeIgniter\View\View->CodeIgniter\View\{closure}()
 7 SYSTEMPATH\Common.php(1184): CodeIgniter\View\View->render('blog', [], true)
 8 APPPATH\Controllers\Blog.php(13): view('blog')
 9 SYSTEMPATH\CodeIgniter.php(934): App\Controllers\Blog->index()
10 SYSTEMPATH\CodeIgniter.php(499): CodeIgniter\CodeIgniter->runController(Object(App\Controllers\Blog))
11 SYSTEMPATH\CodeIgniter.php(368): CodeIgniter\CodeIgniter->handleRequest(null, Object(Config\Cache), false)
12 FCPATH\index.php(67): CodeIgniter\CodeIgniter->run()
CRITICAL - 2023-03-08 17:58:09 --> Unable to locate view cell class: "".
in SYSTEMPATH\View\Cell.php on line 181.
 1 SYSTEMPATH\View\Cell.php(181): CodeIgniter\View\Exceptions\ViewException::forInvalidCellClass(null)
 2 SYSTEMPATH\View\Cell.php(73): CodeIgniter\View\Cell->determineClass('\\App\\Libraries\\Blog:postItem')
 3 SYSTEMPATH\Common.php(1200): CodeIgniter\View\Cell->render('\\App\\Libraries\\Blog::postItem', [...], 0, null)
 4 APPPATH\Views\blog.php(6): view_cell('\\App\\Libraries\\Blog::postItem', [...])
 5 SYSTEMPATH\View\View.php(213): include('APPPATH\\Views\\blog.php')
 6 SYSTEMPATH\View\View.php(216): CodeIgniter\View\View->CodeIgniter\View\{closure}()
 7 SYSTEMPATH\Common.php(1184): CodeIgniter\View\View->render('blog', [], true)
 8 APPPATH\Controllers\Blog.php(13): view('blog')
 9 SYSTEMPATH\CodeIgniter.php(934): App\Controllers\Blog->index()
10 SYSTEMPATH\CodeIgniter.php(499): CodeIgniter\CodeIgniter->runController(Object(App\Controllers\Blog))
11 SYSTEMPATH\CodeIgniter.php(368): CodeIgniter\CodeIgniter->handleRequest(null, Object(Config\Cache), false)
12 FCPATH\index.php(67): CodeIgniter\CodeIgniter->run()
CRITICAL - 2023-03-08 17:58:17 --> Unable to locate view cell class: "".
in SYSTEMPATH\View\Cell.php on line 181.
 1 SYSTEMPATH\View\Cell.php(181): CodeIgniter\View\Exceptions\ViewException::forInvalidCellClass(null)
 2 SYSTEMPATH\View\Cell.php(73): CodeIgniter\View\Cell->determineClass('\\App\\Libraries\\Blog:postItem')
 3 SYSTEMPATH\Common.php(1200): CodeIgniter\View\Cell->render('\\App\\Libraries\\Blog::postItem', [...], 0, null)
 4 APPPATH\Views\blog.php(6): view_cell('\\App\\Libraries\\Blog::postItem', [...])
 5 SYSTEMPATH\View\View.php(213): include('APPPATH\\Views\\blog.php')
 6 SYSTEMPATH\View\View.php(216): CodeIgniter\View\View->CodeIgniter\View\{closure}()
 7 SYSTEMPATH\Common.php(1184): CodeIgniter\View\View->render('blog', [], true)
 8 APPPATH\Controllers\Blog.php(13): view('blog')
 9 SYSTEMPATH\CodeIgniter.php(934): App\Controllers\Blog->index()
10 SYSTEMPATH\CodeIgniter.php(499): CodeIgniter\CodeIgniter->runController(Object(App\Controllers\Blog))
11 SYSTEMPATH\CodeIgniter.php(368): CodeIgniter\CodeIgniter->handleRequest(null, Object(Config\Cache), false)
12 FCPATH\index.php(67): CodeIgniter\CodeIgniter->run()
CRITICAL - 2023-03-08 17:59:13 --> Unable to locate view cell class: "".
in SYSTEMPATH\View\Cell.php on line 181.
 1 SYSTEMPATH\View\Cell.php(181): CodeIgniter\View\Exceptions\ViewException::forInvalidCellClass(null)
 2 SYSTEMPATH\View\Cell.php(73): CodeIgniter\View\Cell->determineClass('\\App\\Libraries\\Blog:postItem')
 3 SYSTEMPATH\Common.php(1200): CodeIgniter\View\Cell->render('\\App\\Libraries\\Blog::postItem', [...], 0, null)
 4 APPPATH\Views\blog.php(6): view_cell('\\App\\Libraries\\Blog::postItem', [...])
 5 SYSTEMPATH\View\View.php(213): include('APPPATH\\Views\\blog.php')
 6 SYSTEMPATH\View\View.php(216): CodeIgniter\View\View->CodeIgniter\View\{closure}()
 7 SYSTEMPATH\Common.php(1184): CodeIgniter\View\View->render('blog', [], true)
 8 APPPATH\Controllers\Blog.php(13): view('blog')
 9 SYSTEMPATH\CodeIgniter.php(934): App\Controllers\Blog->index()
10 SYSTEMPATH\CodeIgniter.php(499): CodeIgniter\CodeIgniter->runController(Object(App\Controllers\Blog))
11 SYSTEMPATH\CodeIgniter.php(368): CodeIgniter\CodeIgniter->handleRequest(null, Object(Config\Cache), false)
12 FCPATH\index.php(67): CodeIgniter\CodeIgniter->run()
CRITICAL - 2023-03-08 17:59:19 --> Unable to locate view cell class: "".
in SYSTEMPATH\View\Cell.php on line 181.
 1 SYSTEMPATH\View\Cell.php(181): CodeIgniter\View\Exceptions\ViewException::forInvalidCellClass(null)
 2 SYSTEMPATH\View\Cell.php(73): CodeIgniter\View\Cell->determineClass('\\App\\Libraries\\Blog:postItem')
 3 SYSTEMPATH\Common.php(1200): CodeIgniter\View\Cell->render('\\App\\Libraries\\Blog::postItem', [...], 0, null)
 4 APPPATH\Views\blog.php(6): view_cell('\\App\\Libraries\\Blog::postItem', [...])
 5 SYSTEMPATH\View\View.php(213): include('APPPATH\\Views\\blog.php')
 6 SYSTEMPATH\View\View.php(216): CodeIgniter\View\View->CodeIgniter\View\{closure}()
 7 SYSTEMPATH\Common.php(1184): CodeIgniter\View\View->render('blog', [], true)
 8 APPPATH\Controllers\Blog.php(13): view('blog')
 9 SYSTEMPATH\CodeIgniter.php(934): App\Controllers\Blog->index()
10 SYSTEMPATH\CodeIgniter.php(499): CodeIgniter\CodeIgniter->runController(Object(App\Controllers\Blog))
11 SYSTEMPATH\CodeIgniter.php(368): CodeIgniter\CodeIgniter->handleRequest(null, Object(Config\Cache), false)
12 FCPATH\index.php(67): CodeIgniter\CodeIgniter->run()
CRITICAL - 2023-03-08 18:04:02 --> Unable to locate view cell class: "".
in SYSTEMPATH\View\Cell.php on line 181.
 1 SYSTEMPATH\View\Cell.php(181): CodeIgniter\View\Exceptions\ViewException::forInvalidCellClass(null)
 2 SYSTEMPATH\View\Cell.php(73): CodeIgniter\View\Cell->determineClass('\\App\\Libraries\\Blog:postItem')
 3 SYSTEMPATH\Common.php(1200): CodeIgniter\View\Cell->render('\\App\\Libraries\\Blog::postItem', [...], 0, null)
 4 APPPATH\Views\blog.php(5): view_cell('\\App\\Libraries\\Blog::postItem', [...])
 5 SYSTEMPATH\View\View.php(213): include('APPPATH\\Views\\blog.php')
 6 SYSTEMPATH\View\View.php(216): CodeIgniter\View\View->CodeIgniter\View\{closure}()
 7 SYSTEMPATH\Common.php(1184): CodeIgniter\View\View->render('blog', [], true)
 8 APPPATH\Controllers\Blog.php(13): view('blog')
 9 SYSTEMPATH\CodeIgniter.php(934): App\Controllers\Blog->index()
10 SYSTEMPATH\CodeIgniter.php(499): CodeIgniter\CodeIgniter->runController(Object(App\Controllers\Blog))
11 SYSTEMPATH\CodeIgniter.php(368): CodeIgniter\CodeIgniter->handleRequest(null, Object(Config\Cache), false)
12 FCPATH\index.php(67): CodeIgniter\CodeIgniter->run()
CRITICAL - 2023-03-08 18:04:06 --> Unable to locate view cell class: "".
in SYSTEMPATH\View\Cell.php on line 181.
 1 SYSTEMPATH\View\Cell.php(181): CodeIgniter\View\Exceptions\ViewException::forInvalidCellClass(null)
 2 SYSTEMPATH\View\Cell.php(73): CodeIgniter\View\Cell->determineClass('\\App\\Libraries\\Blog:postItem')
 3 SYSTEMPATH\Common.php(1200): CodeIgniter\View\Cell->render('\\App\\Libraries\\Blog::postItem', [...], 0, null)
 4 APPPATH\Views\blog.php(5): view_cell('\\App\\Libraries\\Blog::postItem', [...])
 5 SYSTEMPATH\View\View.php(213): include('APPPATH\\Views\\blog.php')
 6 SYSTEMPATH\View\View.php(216): CodeIgniter\View\View->CodeIgniter\View\{closure}()
 7 SYSTEMPATH\Common.php(1184): CodeIgniter\View\View->render('blog', [], true)
 8 APPPATH\Controllers\Blog.php(13): view('blog')
 9 SYSTEMPATH\CodeIgniter.php(934): App\Controllers\Blog->index()
10 SYSTEMPATH\CodeIgniter.php(499): CodeIgniter\CodeIgniter->runController(Object(App\Controllers\Blog))
11 SYSTEMPATH\CodeIgniter.php(368): CodeIgniter\CodeIgniter->handleRequest(null, Object(Config\Cache), false)
12 FCPATH\index.php(67): CodeIgniter\CodeIgniter->run()
CRITICAL - 2023-03-08 18:04:11 --> Unable to locate view cell class: "".
in SYSTEMPATH\View\Cell.php on line 181.
 1 SYSTEMPATH\View\Cell.php(181): CodeIgniter\View\Exceptions\ViewException::forInvalidCellClass(null)
 2 SYSTEMPATH\View\Cell.php(73): CodeIgniter\View\Cell->determineClass('\\App\\Libraries\\Blog:postItem')
 3 SYSTEMPATH\Common.php(1200): CodeIgniter\View\Cell->render('\\App\\Libraries\\Blog::postItem', [...], 0, null)
 4 APPPATH\Views\blog.php(5): view_cell('\\App\\Libraries\\Blog::postItem', [...])
 5 SYSTEMPATH\View\View.php(213): include('APPPATH\\Views\\blog.php')
 6 SYSTEMPATH\View\View.php(216): CodeIgniter\View\View->CodeIgniter\View\{closure}()
 7 SYSTEMPATH\Common.php(1184): CodeIgniter\View\View->render('blog', [], true)
 8 APPPATH\Controllers\Blog.php(13): view('blog')
 9 SYSTEMPATH\CodeIgniter.php(934): App\Controllers\Blog->index()
10 SYSTEMPATH\CodeIgniter.php(499): CodeIgniter\CodeIgniter->runController(Object(App\Controllers\Blog))
11 SYSTEMPATH\CodeIgniter.php(368): CodeIgniter\CodeIgniter->handleRequest(null, Object(Config\Cache), false)
12 FCPATH\index.php(67): CodeIgniter\CodeIgniter->run()
CRITICAL - 2023-03-08 18:24:21 --> Call to undefined method CodeIgniter\View\View::extends()
in APPPATH\Views\post_page.php on line 1.
 1 SYSTEMPATH\View\View.php(213): include()
 2 SYSTEMPATH\View\View.php(216): CodeIgniter\View\View->CodeIgniter\View\{closure}()
 3 SYSTEMPATH\Common.php(1184): CodeIgniter\View\View->render('post_page', [], true)
 4 APPPATH\Controllers\Blog.php(17): view('post_page', [...])
 5 SYSTEMPATH\CodeIgniter.php(934): App\Controllers\Blog->post()
 6 SYSTEMPATH\CodeIgniter.php(499): CodeIgniter\CodeIgniter->runController(Object(App\Controllers\Blog))
 7 SYSTEMPATH\CodeIgniter.php(368): CodeIgniter\CodeIgniter->handleRequest(null, Object(Config\Cache), false)
 8 FCPATH\index.php(67): CodeIgniter\CodeIgniter->run()
CRITICAL - 2023-03-08 18:24:42 --> Call to undefined method CodeIgniter\View\View::extends()
in APPPATH\Views\post_page.php on line 1.
 1 SYSTEMPATH\View\View.php(213): include()
 2 SYSTEMPATH\View\View.php(216): CodeIgniter\View\View->CodeIgniter\View\{closure}()
 3 SYSTEMPATH\Common.php(1184): CodeIgniter\View\View->render('post_page', [], true)
 4 APPPATH\Controllers\Blog.php(17): view('post_page', [...])
 5 SYSTEMPATH\CodeIgniter.php(934): App\Controllers\Blog->post()
 6 SYSTEMPATH\CodeIgniter.php(499): CodeIgniter\CodeIgniter->runController(Object(App\Controllers\Blog))
 7 SYSTEMPATH\CodeIgniter.php(368): CodeIgniter\CodeIgniter->handleRequest(null, Object(Config\Cache), false)
 8 FCPATH\index.php(67): CodeIgniter\CodeIgniter->run()
CRITICAL - 2023-03-08 18:24:43 --> Call to undefined method CodeIgniter\View\View::extends()
in APPPATH\Views\post_page.php on line 1.
 1 SYSTEMPATH\View\View.php(213): include()
 2 SYSTEMPATH\View\View.php(216): CodeIgniter\View\View->CodeIgniter\View\{closure}()
 3 SYSTEMPATH\Common.php(1184): CodeIgniter\View\View->render('post_page', [], true)
 4 APPPATH\Controllers\Blog.php(17): view('post_page', [...])
 5 SYSTEMPATH\CodeIgniter.php(934): App\Controllers\Blog->post()
 6 SYSTEMPATH\CodeIgniter.php(499): CodeIgniter\CodeIgniter->runController(Object(App\Controllers\Blog))
 7 SYSTEMPATH\CodeIgniter.php(368): CodeIgniter\CodeIgniter->handleRequest(null, Object(Config\Cache), false)
 8 FCPATH\index.php(67): CodeIgniter\CodeIgniter->run()
CRITICAL - 2023-03-08 18:24:43 --> Call to undefined method CodeIgniter\View\View::extends()
in APPPATH\Views\post_page.php on line 1.
 1 SYSTEMPATH\View\View.php(213): include()
 2 SYSTEMPATH\View\View.php(216): CodeIgniter\View\View->CodeIgniter\View\{closure}()
 3 SYSTEMPATH\Common.php(1184): CodeIgniter\View\View->render('post_page', [], true)
 4 APPPATH\Controllers\Blog.php(17): view('post_page', [...])
 5 SYSTEMPATH\CodeIgniter.php(934): App\Controllers\Blog->post()
 6 SYSTEMPATH\CodeIgniter.php(499): CodeIgniter\CodeIgniter->runController(Object(App\Controllers\Blog))
 7 SYSTEMPATH\CodeIgniter.php(368): CodeIgniter\CodeIgniter->handleRequest(null, Object(Config\Cache), false)
 8 FCPATH\index.php(67): CodeIgniter\CodeIgniter->run()
CRITICAL - 2023-03-08 18:24:43 --> Call to undefined method CodeIgniter\View\View::extends()
in APPPATH\Views\post_page.php on line 1.
 1 SYSTEMPATH\View\View.php(213): include()
 2 SYSTEMPATH\View\View.php(216): CodeIgniter\View\View->CodeIgniter\View\{closure}()
 3 SYSTEMPATH\Common.php(1184): CodeIgniter\View\View->render('post_page', [], true)
 4 APPPATH\Controllers\Blog.php(17): view('post_page', [...])
 5 SYSTEMPATH\CodeIgniter.php(934): App\Controllers\Blog->post()
 6 SYSTEMPATH\CodeIgniter.php(499): CodeIgniter\CodeIgniter->runController(Object(App\Controllers\Blog))
 7 SYSTEMPATH\CodeIgniter.php(368): CodeIgniter\CodeIgniter->handleRequest(null, Object(Config\Cache), false)
 8 FCPATH\index.php(67): CodeIgniter\CodeIgniter->run()
CRITICAL - 2023-03-08 18:51:09 --> Invalid file: "../include/header.php"
in SYSTEMPATH\Exceptions\FrameworkException.php on line 33.
 1 SYSTEMPATH\View\View.php(201): CodeIgniter\Exceptions\FrameworkException::forInvalidFile('../include/header.php')
 2 SYSTEMPATH\View\View.php(431): CodeIgniter\View\View->render('../include/header', null, true)
 3 APPPATH\Views\layouts\main.php(1): CodeIgniter\View\View->include('../include/header')
 4 SYSTEMPATH\View\View.php(213): include('APPPATH\\Views\\layouts\\main.php')
 5 SYSTEMPATH\View\View.php(216): CodeIgniter\View\View->CodeIgniter\View\{closure}()
 6 SYSTEMPATH\View\View.php(229): CodeIgniter\View\View->render('layouts\\main', [], true)
 7 SYSTEMPATH\Common.php(1184): CodeIgniter\View\View->render('blog', [], true)
 8 APPPATH\Controllers\Blog.php(12): view('blog', [...])
 9 SYSTEMPATH\CodeIgniter.php(934): App\Controllers\Blog->index()
10 SYSTEMPATH\CodeIgniter.php(499): CodeIgniter\CodeIgniter->runController(Object(App\Controllers\Blog))
11 SYSTEMPATH\CodeIgniter.php(368): CodeIgniter\CodeIgniter->handleRequest(null, Object(Config\Cache), false)
12 FCPATH\index.php(67): CodeIgniter\CodeIgniter->run()
CRITICAL - 2023-03-08 18:51:15 --> Invalid file: "../include/header.php"
in SYSTEMPATH\Exceptions\FrameworkException.php on line 33.
 1 SYSTEMPATH\View\View.php(201): CodeIgniter\Exceptions\FrameworkException::forInvalidFile('../include/header.php')
 2 SYSTEMPATH\View\View.php(431): CodeIgniter\View\View->render('../include/header', null, true)
 3 APPPATH\Views\layouts\main.php(1): CodeIgniter\View\View->include('../include/header')
 4 SYSTEMPATH\View\View.php(213): include('APPPATH\\Views\\layouts\\main.php')
 5 SYSTEMPATH\View\View.php(216): CodeIgniter\View\View->CodeIgniter\View\{closure}()
 6 SYSTEMPATH\View\View.php(229): CodeIgniter\View\View->render('layouts\\main', [], true)
 7 SYSTEMPATH\Common.php(1184): CodeIgniter\View\View->render('blog', [], true)
 8 APPPATH\Controllers\Blog.php(12): view('blog', [...])
 9 SYSTEMPATH\CodeIgniter.php(934): App\Controllers\Blog->index()
10 SYSTEMPATH\CodeIgniter.php(499): CodeIgniter\CodeIgniter->runController(Object(App\Controllers\Blog))
11 SYSTEMPATH\CodeIgniter.php(368): CodeIgniter\CodeIgniter->handleRequest(null, Object(Config\Cache), false)
12 FCPATH\index.php(67): CodeIgniter\CodeIgniter->run()
